INFO:root:Find sqrt of 36 with guess 1.0
DEBUG:root:Checking if 1.0 is a good enough guess.
DEBUG:root:Guess is not good enough improve. ...
DEBUG:root:Improved guess to 18.5
INFO:root:Find sqrt of 36 with guess 18.5
DEBUG:root:Checking if 18.5 is a good enough guess.
DEBUG:root:Guess is not good enough improve. ...
DEBUG:root:Improved guess to 10.222972972972974
INFO:root:Find sqrt of 36 with guess 10.222972972972974
DEBUG:root:Checking if 10.222972972972974 is a good enough guess.
DEBUG:root:Guess is not good enough improve. ...
DEBUG:root:Improved guess to 6.872226737643129
INFO:root:Find sqrt of 36 with guess 6.872226737643129
DEBUG:root:Checking if 6.872226737643129 is a good enough guess.
DEBUG:root:Guess is not good enough improve. ...
DEBUG:root:Improved guess to 6.055351744849479
INFO:root:Find sqrt of 36 with guess 6.055351744849479
DEBUG:root:Checking if 6.055351744849479 is a good enough guess.
DEBUG:root:Guess is not good enough improve. ...
DEBUG:root:Improved guess to 6.0002529841194185
INFO:root:Find sqrt of 36 with guess 6.0002529841194185
DEBUG:root:Checking if 6.0002529841194185 is a good enough guess.
ERROR:root:Got a request for square root of negative number.
INFO:root:Find sqrt of 87 with guess 1.0
DEBUG:root:Checking if 1.0 is a good enough guess.
DEBUG:root:Guess is not good enough improve. ...
DEBUG:root:Improved guess to 44.0
INFO:root:Find sqrt of 87 with guess 44.0
DEBUG:root:Checking if 44.0 is a good enough guess.
DEBUG:root:Guess is not good enough improve. ...
DEBUG:root:Improved guess to 22.988636363636363
INFO:root:Find sqrt of 87 with guess 22.988636363636363
DEBUG:root:Checking if 22.988636363636363 is a good enough guess.
DEBUG:root:Guess is not good enough improve. ...
DEBUG:root:Improved guess to 13.386557430458815
INFO:root:Find sqrt of 87 with guess 13.386557430458815
DEBUG:root:Checking if 13.386557430458815 is a good enough guess.
DEBUG:root:Guess is not good enough improve. ...
DEBUG:root:Improved guess to 9.942807223658559
INFO:root:Find sqrt of 87 with guess 9.942807223658559
DEBUG:root:Checking if 9.942807223658559 is a good enough guess.
DEBUG:root:Guess is not good enough improve. ...
DEBUG:root:Improved guess to 9.346425577104165
INFO:root:Find sqrt of 87 with guess 9.346425577104165
DEBUG:root:Checking if 9.346425577104165 is a good enough guess.
DEBUG:root:Guess is not good enough improve. ...
DEBUG:root:Improved guess to 9.32739845997726
INFO:root:Find sqrt of 87 with guess 9.32739845997726
DEBUG:root:Checking if 9.32739845997726 is a good enough guess.
